app/build/intermediates/manifest_merge_blame_file/debug/manifest-merger-blame-debug-report.txt
1<?xml version="1.0" encoding="utf-8"?>
2<manifest xmlns:android="http://schemas.android.com/apk/res/android"
3    package="com.android.foodorderapp"
4    android:versionCode="1"
5    android:versionName="1.0" >
6
7    <uses-sdk
8        android:minSdkVersion="24"
8-->src\main\AndroidManifest.xml
9        android:targetSdkVersion="29" />
9-->src\main\AndroidManifest.xml
10
11    <uses-permission android:name="android.permission.INTERNET" />
11-->src\main\AndroidManifest.xml:5:5-67
11-->src\main\AndroidManifest.xml:5:22-64
12    <uses-permission android:name="android.permission.ACCESS_NETWORK_STATE" />
12-->[com.google.firebase:firebase-auth:21.0.3] AndroidManifest.xml:24:5-79
12-->[com.google.firebase:firebase-auth:21.0.3] AndroidManifest.xml:24:22-76
13
14    <application
14-->src\main\AndroidManifest.xml:7:5-34:19
15        android:allowBackup="true"
15-->src\main\AndroidManifest.xml:8:9-35
16        android:appComponentFactory="androidx.core.app.CoreComponentFactory"
16-->[androidx.core:core:1.3.1] AndroidManifest.xml:24:18-86
17        android:debuggable="true"
18        android:extractNativeLibs="false"
19        android:icon="@mipmap/ic_launcher"
19-->src\main\AndroidManifest.xml:9:9-43
20        android:label="@string/app_name"
20-->src\main\AndroidManifest.xml:10:9-41
21        android:roundIcon="@mipmap/ic_launcher_round"
21-->src\main\AndroidManifest.xml:11:9-54
22        android:supportsRtl="true"
22-->src\main\AndroidManifest.xml:12:9-35
23        android:testOnly="true"
24        android:theme="@style/Theme.FoodOrderApp" >
24-->src\main\AndroidManifest.xml:13:9-50
25        <activity
25-->src\main\AndroidManifest.xml:14:9-16:40
26            android:name="com.android.foodorderapp.SignUpActivity"
26-->src\main\AndroidManifest.xml:15:13-43
27            android:exported="false" />
27-->src\main\AndroidManifest.xml:16:13-37
28        <activity
28-->src\main\AndroidManifest.xml:17:9-25:20
29            android:name="com.android.foodorderapp.MainActivity2"
29-->src\main\AndroidManifest.xml:18:13-42
30            android:exported="true" >
30-->src\main\AndroidManifest.xml:19:13-36
31            <intent-filter>
31-->src\main\AndroidManifest.xml:20:13-24:29
32                <action android:name="android.intent.action.MAIN" />
32-->src\main\AndroidManifest.xml:21:17-69
32-->src\main\AndroidManifest.xml:21:25-66
33
34                <category android:name="android.intent.category.LAUNCHER" />
34-->src\main\AndroidManifest.xml:23:17-77
34-->src\main\AndroidManifest.xml:23:27-74
35            </intent-filter>
36        </activity>
37        />
38        <activity android:name="com.android.foodorderapp.OrderSucceessActivity" />
38-->src\main\AndroidManifest.xml:29:9-59
38-->src\main\AndroidManifest.xml:29:19-56
39        <activity android:name="com.android.foodorderapp.PlaceYourOrderActivity" />
39-->src\main\AndroidManifest.xml:30:9-60
39-->src\main\AndroidManifest.xml:30:19-57
40        <activity android:name="com.android.foodorderapp.RestaurantMenuActivity" />
40-->src\main\AndroidManifest.xml:31:9-60
40-->src\main\AndroidManifest.xml:31:19-57
41        <activity android:name="com.android.foodorderapp.SplashActivity" />
41-->src\main\AndroidManifest.xml:32:9-52
41-->src\main\AndroidManifest.xml:32:19-49
42        <activity android:name="com.android.foodorderapp.MainActivity" />
42-->src\main\AndroidManifest.xml:33:9-50
42-->src\main\AndroidManifest.xml:33:19-47
43        <activity
43-->[com.google.firebase:firebase-auth:21.0.3] AndroidManifest.xml:27:9-44:20
44            android:name="com.google.firebase.auth.internal.GenericIdpActivity"
44-->[com.google.firebase:firebase-auth:21.0.3] AndroidManifest.xml:28:13-80
45            android:excludeFromRecents="true"
45-->[com.google.firebase:firebase-auth:21.0.3] AndroidManifest.xml:29:13-46
46            android:exported="true"
46-->[com.google.firebase:firebase-auth:21.0.3] AndroidManifest.xml:30:13-36
47            android:launchMode="singleTask"
47-->[com.google.firebase:firebase-auth:21.0.3] AndroidManifest.xml:31:13-44
48            android:theme="@android:style/Theme.Translucent.NoTitleBar" >
48-->[com.google.firebase:firebase-auth:21.0.3] AndroidManifest.xml:32:13-72
49            <intent-filter>
49-->[com.google.firebase:firebase-auth:21.0.3] AndroidManifest.xml:33:13-43:29
50                <action android:name="android.intent.action.VIEW" />
50-->[com.google.firebase:firebase-auth:21.0.3] AndroidManifest.xml:34:17-69
50-->[com.google.firebase:firebase-auth:21.0.3] AndroidManifest.xml:34:25-66
51
52                <category android:name="android.intent.category.DEFAULT" />
52-->[com.google.firebase:firebase-auth:21.0.3] AndroidManifest.xml:36:17-76
52-->[com.google.firebase:firebase-auth:21.0.3] AndroidManifest.xml:36:27-73
53                <category android:name="android.intent.category.BROWSABLE" />
53-->[com.google.firebase:firebase-auth:21.0.3] AndroidManifest.xml:37:17-78
53-->[com.google.firebase:firebase-auth:21.0.3] AndroidManifest.xml:37:27-75
54
55                <data
55-->[com.google.firebase:firebase-auth:21.0.3] AndroidManifest.xml:39:17-42:51
56                    android:host="firebase.auth"
56-->[com.google.firebase:firebase-auth:21.0.3] AndroidManifest.xml:40:21-49
57                    android:path="/"
57-->[com.google.firebase:firebase-auth:21.0.3] AndroidManifest.xml:41:21-37
58                    android:scheme="genericidp" />
58-->[com.google.firebase:firebase-auth:21.0.3] AndroidManifest.xml:42:21-48
59            </intent-filter>
60        </activity>
61        <activity
61-->[com.google.firebase:firebase-auth:21.0.3] AndroidManifest.xml:45:9-62:20
62            android:name="com.google.firebase.auth.internal.RecaptchaActivity"
62-->[com.google.firebase:firebase-auth:21.0.3] AndroidManifest.xml:46:13-79
63            android:excludeFromRecents="true"
63-->[com.google.firebase:firebase-auth:21.0.3] AndroidManifest.xml:47:13-46
64            android:exported="true"
64-->[com.google.firebase:firebase-auth:21.0.3] AndroidManifest.xml:48:13-36
65            android:launchMode="singleTask"
65-->[com.google.firebase:firebase-auth:21.0.3] AndroidManifest.xml:49:13-44
66            android:theme="@android:style/Theme.Translucent.NoTitleBar" >
66-->[com.google.firebase:firebase-auth:21.0.3] AndroidManifest.xml:50:13-72
67            <intent-filter>
67-->[com.google.firebase:firebase-auth:21.0.3] AndroidManifest.xml:51:13-61:29
68                <action android:name="android.intent.action.VIEW" />
68-->[com.google.firebase:firebase-auth:21.0.3] AndroidManifest.xml:34:17-69
68-->[com.google.firebase:firebase-auth:21.0.3] AndroidManifest.xml:34:25-66
69
70                <category android:name="android.intent.category.DEFAULT" />
70-->[com.google.firebase:firebase-auth:21.0.3] AndroidManifest.xml:36:17-76
70-->[com.google.firebase:firebase-auth:21.0.3] AndroidManifest.xml:36:27-73
71                <category android:name="android.intent.category.BROWSABLE" />
71-->[com.google.firebase:firebase-auth:21.0.3] AndroidManifest.xml:37:17-78
71-->[com.google.firebase:firebase-auth:21.0.3] AndroidManifest.xml:37:27-75
72
73                <data
73-->[com.google.firebase:firebase-auth:21.0.3] AndroidManifest.xml:39:17-42:51
74                    android:host="firebase.auth"
74-->[com.google.firebase:firebase-auth:21.0.3] AndroidManifest.xml:40:21-49
75                    android:path="/"
75-->[com.google.firebase:firebase-auth:21.0.3] AndroidManifest.xml:41:21-37
76                    android:scheme="recaptcha" />
76-->[com.google.firebase:firebase-auth:21.0.3] AndroidManifest.xml:42:21-48
77            </intent-filter>
78        </activity>
79
80        <service
80-->[com.google.firebase:firebase-auth:21.0.3] AndroidManifest.xml:64:9-70:19
81            android:name="com.google.firebase.components.ComponentDiscoveryService"
81-->[com.google.firebase:firebase-auth:21.0.3] AndroidManifest.xml:65:13-84
82            android:directBootAware="true"
82-->[com.google.firebase:firebase-common:20.1.0] AndroidManifest.xml:35:13-43
83            android:exported="false" >
83-->[com.google.firebase:firebase-auth:21.0.3] AndroidManifest.xml:66:13-37
84            <meta-data
84-->[com.google.firebase:firebase-auth:21.0.3] AndroidManifest.xml:67:13-69:85
85                android:name="com.google.firebase.components:com.google.firebase.auth.FirebaseAuthRegistrar"
85-->[com.google.firebase:firebase-auth:21.0.3] AndroidManifest.xml:68:17-109
86                android:value="com.google.firebase.components.ComponentRegistrar" />
86-->[com.google.firebase:firebase-auth:21.0.3] AndroidManifest.xml:69:17-82
87        </service>
88
89        <provider
89-->[com.google.firebase:firebase-common:20.1.0] AndroidManifest.xml:26:9-31:39
90            android:name="com.google.firebase.provider.FirebaseInitProvider"
90-->[com.google.firebase:firebase-common:20.1.0] AndroidManifest.xml:27:13-77
91            android:authorities="com.android.foodorderapp.firebaseinitprovider"
91-->[com.google.firebase:firebase-common:20.1.0] AndroidManifest.xml:28:13-72
92            android:directBootAware="true"
92-->[com.google.firebase:firebase-common:20.1.0] AndroidManifest.xml:29:13-43
93            android:exported="false"
93-->[com.google.firebase:firebase-common:20.1.0] AndroidManifest.xml:30:13-37
94            android:initOrder="100" />
94-->[com.google.firebase:firebase-common:20.1.0] AndroidManifest.xml:31:13-36
95
96        <activity
96-->[com.google.android.gms:play-services-base:17.1.0] AndroidManifest.xml:23:9-26:75
97            android:name="com.google.android.gms.common.api.GoogleApiActivity"
97-->[com.google.android.gms:play-services-base:17.1.0] AndroidManifest.xml:24:13-79
98            android:exported="false"
98-->[com.google.android.gms:play-services-base:17.1.0] AndroidManifest.xml:25:13-37
99            android:theme="@android:style/Theme.Translucent.NoTitleBar" />
99-->[com.google.android.gms:play-services-base:17.1.0] AndroidManifest.xml:26:13-72
100
101        <meta-data
101-->[com.google.android.gms:play-services-basement:18.0.0] AndroidManifest.xml:21:9-23:69
102            android:name="com.google.android.gms.version"
102-->[com.google.android.gms:play-services-basement:18.0.0] AndroidManifest.xml:22:13-58
103            android:value="@integer/google_play_services_version" />
103-->[com.google.android.gms:play-services-basement:18.0.0] AndroidManifest.xml:23:13-66
104    </application>
105
106</manifest>